<?xml version="1.0" encoding="UTF-8"?>
<testng-results skipped="0" failed="1" total="3" passed="2">
  <reporter-output>
  </reporter-output>
  <suite name="Test All Smoke" duration-ms="30170" started-at="2015-08-26T12:33:29Z" finished-at="2015-08-26T12:33:59Z">
    <groups>
      <group name="EMISION">
        <method signature="SimpleSmokeTest.casoGenerarComprobante()[pri:2, instance:com.praxis.ejem.test.smoke.SimpleSmokeTest@10588116]" name="casoGenerarComprobante" class="com.praxis.ejem.test.smoke.SimpleSmokeTest"/>
      </group>
      <group name="SMOKE">
        <method signature="SimpleSmokeTest.casoGenerarComprobante()[pri:2, instance:com.praxis.ejem.test.smoke.SimpleSmokeTest@10588116]" name="casoGenerarComprobante" class="com.praxis.ejem.test.smoke.SimpleSmokeTest"/>
        <method signature="SimpleSmokeTest.casoPersonalizarComprobante()[pri:2, instance:com.praxis.ejem.test.smoke.SimpleSmokeTest@10588116]" name="casoPersonalizarComprobante" class="com.praxis.ejem.test.smoke.SimpleSmokeTest"/>
        <method signature="SimpleSmokeTest.signOn(java.lang.String, java.lang.String)[pri:1, instance:com.praxis.ejem.test.smoke.SimpleSmokeTest@10588116]" name="signOn" class="com.praxis.ejem.test.smoke.SimpleSmokeTest"/>
      </group>
      <group name="SIGNON">
        <method signature="SimpleSmokeTest.signOn(java.lang.String, java.lang.String)[pri:1, instance:com.praxis.ejem.test.smoke.SimpleSmokeTest@10588116]" name="signOn" class="com.praxis.ejem.test.smoke.SimpleSmokeTest"/>
      </group>
      <group name="PERSONALIZAR">
        <method signature="SimpleSmokeTest.casoPersonalizarComprobante()[pri:2, instance:com.praxis.ejem.test.smoke.SimpleSmokeTest@10588116]" name="casoPersonalizarComprobante" class="com.praxis.ejem.test.smoke.SimpleSmokeTest"/>
      </group>
    </groups>
    <test name="EMISION_TEST" duration-ms="30170" started-at="2015-08-26T12:33:29Z" finished-at="2015-08-26T12:33:59Z">
      <class name="com.praxis.ejem.test.smoke.SimpleSmokeTest">
        <test-method status="PASS" signature="beforeClass()[pri:0, instance:com.praxis.ejem.test.smoke.SimpleSmokeTest@10588116]" name="beforeClass" is-config="true" duration-ms="3392" started-at="2015-08-26T12:33:29Z" finished-at="2015-08-26T12:33:32Z">
        </test-method>
        <test-method status="PASS" signature="signOn(java.lang.String, java.lang.String)[pri:1, instance:com.praxis.ejem.test.smoke.SimpleSmokeTest@10588116]" name="signOn" duration-ms="6600" started-at="2015-08-26T12:33:32Z" finished-at="2015-08-26T12:33:39Z">
          <params>
            <param index="0">
              <value>
                <![CDATA[demotst@praxis.com.mx.8]]>
              </value>
            </param>
            <param index="1">
              <value>
                <![CDATA[123456]]>
              </value>
            </param>
          </params>
        </test-method>
        <test-method status="PASS" signature="casoGenerarComprobante()[pri:2, instance:com.praxis.ejem.test.smoke.SimpleSmokeTest@10588116]" name="casoGenerarComprobante" duration-ms="12580" started-at="2015-08-26T12:33:39Z" finished-at="2015-08-26T12:33:51Z">
        </test-method>
        <test-method status="FAIL" signature="casoPersonalizarComprobante()[pri:2, instance:com.praxis.ejem.test.smoke.SimpleSmokeTest@10588116]" name="casoPersonalizarComprobante" duration-ms="7090" started-at="2015-08-26T12:33:51Z" finished-at="2015-08-26T12:33:58Z">
          <exception class="java.lang.AssertionError">
            <message>
              <![CDATA[expected:<Se gener贸 el comprobante exitosamente.> but was:<Confirmaci贸n>]]>
            </message>
            <full-stacktrace>
              <![CDATA[java.lang.AssertionError: expected:<Se gener贸 el comprobante exitosamente.> but was:<Confirmaci贸n>
	at org.testng.Assert.fail(Assert.java:89)
	at org.testng.Assert.failNotEquals(Assert.java:489)
	at org.testng.Assert.assertEquals(Assert.java:118)
	at org.testng.Assert.assertEquals(Assert.java:171)
	at org.testng.Assert.assertEquals(Assert.java:181)
	at com.praxis.ejem.test.smoke.SimpleSmokeTest.casoPersonalizarComprobante(SimpleSmokeTest.java:46)
	at sun.reflect.NativeMethodAccessorImpl.invoke0(Native Method)
	at sun.reflect.NativeMethodAccessorImpl.invoke(NativeMethodAccessorImpl.java:57)
	at sun.reflect.DelegatingMethodAccessorImpl.invoke(DelegatingMethodAccessorImpl.java:43)
	at java.lang.reflect.Method.invoke(Method.java:606)
	at org.testng.internal.MethodInvocationHelper.invokeMethod(MethodInvocationHelper.java:80)
	at org.testng.internal.Invoker.invokeMethod(Invoker.java:691)
	at org.testng.internal.Invoker.invokeTestMethod(Invoker.java:883)
	at org.testng.internal.Invoker.invokeTestMethods(Invoker.java:1208)
	at org.testng.internal.TestMethodWorker.invokeTestMethods(TestMethodWorker.java:127)
	at org.testng.internal.TestMethodWorker.run(TestMethodWorker.java:111)
	at org.testng.TestRunner.privateRun(TestRunner.java:758)
	at org.testng.TestRunner.run(TestRunner.java:613)
	at org.testng.SuiteRunner.runTest(SuiteRunner.java:334)
	at org.testng.SuiteRunner.runSequentially(SuiteRunner.java:329)
	at org.testng.SuiteRunner.privateRun(SuiteRunner.java:291)
	at org.testng.SuiteRunner.run(SuiteRunner.java:240)
	at org.testng.SuiteRunnerWorker.runSuite(SuiteRunnerWorker.java:53)
	at org.testng.SuiteRunnerWorker.run(SuiteRunnerWorker.java:87)
	at org.testng.TestNG.runSuitesSequentially(TestNG.java:1137)
	at org.testng.TestNG.runSuitesLocally(TestNG.java:1062)
	at org.testng.TestNG.run(TestNG.java:974)
	at org.apache.maven.surefire.testng.TestNGExecutor.run(TestNGExecutor.java:122)
	at org.apache.maven.surefire.testng.TestNGXmlTestSuite.execute(TestNGXmlTestSuite.java:92)
	at org.apache.maven.surefire.testng.TestNGProvider.invoke(TestNGProvider.java:101)
	at sun.reflect.NativeMethodAccessorImpl.invoke0(Native Method)
	at sun.reflect.NativeMethodAccessorImpl.invoke(NativeMethodAccessorImpl.java:57)
	at sun.reflect.DelegatingMethodAccessorImpl.invoke(DelegatingMethodAccessorImpl.java:43)
	at java.lang.reflect.Method.invoke(Method.java:606)
	at org.apache.maven.surefire.util.ReflectionUtils.invokeMethodWithArray(ReflectionUtils.java:164)
	at org.apache.maven.surefire.booter.ProviderFactory$ProviderProxy.invoke(ProviderFactory.java:110)
	at org.apache.maven.surefire.booter.SurefireStarter.invokeProvider(SurefireStarter.java:172)
	at org.apache.maven.surefire.booter.SurefireStarter.runSuitesInProcessWhenForked(SurefireStarter.java:104)
	at org.apache.maven.surefire.booter.ForkedBooter.main(ForkedBooter.java:70)
]]>
            </full-stacktrace>
          </exception>
        </test-method>
        <test-method status="PASS" signature="afterClass()[pri:0, instance:com.praxis.ejem.test.smoke.SimpleSmokeTest@10588116]" name="afterClass" is-config="true" duration-ms="456" started-at="2015-08-26T12:33:58Z" finished-at="2015-08-26T12:33:59Z">
        </test-method>
      </class>
    </test>
  </suite>
</testng-results>
